{
  "/Users/manoelnascimento/grofinance-gest-o-rural/utils/calculations.ts": {
    "path": "/Users/manoelnascimento/grofinance-gest-o-rural/utils/calculations.ts",
    "statementMap": {
      "0": { "start": { "line": 6, "column": 0 }, "end": { "line": 6, "column": 16 } },
      "1": { "start": { "line": 11, "column": 0 }, "end": { "line": 11, "column": 16 } },
      "2": { "start": { "line": 17, "column": 0 }, "end": { "line": 17, "column": 16 } },
      "3": { "start": { "line": 23, "column": 0 }, "end": { "line": 23, "column": 16 } },
      "4": { "start": { "line": 29, "column": 0 }, "end": { "line": 29, "column": 16 } },
      "5": { "start": { "line": 35, "column": 0 }, "end": { "line": 35, "column": 16 } },
      "6": { "start": { "line": 42, "column": 0 }, "end": { "line": 42, "column": 16 } },
      "7": { "start": { "line": 48, "column": 0 }, "end": { "line": 48, "column": 16 } },
      "8": { "start": { "line": 54, "column": 0 }, "end": { "line": 54, "column": 16 } },
      "9": { "start": { "line": 66, "column": 0 }, "end": { "line": 66, "column": 16 } },
      "10": { "start": { "line": 71, "column": 0 }, "end": { "line": 71, "column": 16 } },
      "11": { "start": { "line": 77, "column": 0 }, "end": { "line": 77, "column": 16 } },
      "12": { "start": { "line": 86, "column": 0 }, "end": { "line": 86, "column": 16 } },
      "13": { "start": { "line": 98, "column": 0 }, "end": { "line": 98, "column": 16 } },
      "14": { "start": { "line": 107, "column": 0 }, "end": { "line": 107, "column": 16 } },
      "15": { "start": { "line": 113, "column": 0 }, "end": { "line": 113, "column": 16 } },
      "16": { "start": { "line": 118, "column": 0 }, "end": { "line": 118, "column": 16 } },
      "17": { "start": { "line": 123, "column": 0 }, "end": { "line": 123, "column": 16 } },
      "18": { "start": { "line": 129, "column": 0 }, "end": { "line": 129, "column": 16 } },
      "19": { "start": { "line": 140, "column": 0 }, "end": { "line": 140, "column": 16 } },
      "20": { "start": { "line": 150, "column": 0 }, "end": { "line": 150, "column": 16 } },
      "21": { "start": { "line": 7, "column": 2 }, "end": { "line": 7, "column": 25 } },
      "22": { "start": { "line": 12, "column": 2 }, "end": { "line": 12, "column": 30 } },
      "23": { "start": { "line": 12, "column": 21 }, "end": { "line": 12, "column": 30 } },
      "24": { "start": { "line": 13, "column": 2 }, "end": { "line": 13, "column": 45 } },
      "25": { "start": { "line": 18, "column": 2 }, "end": { "line": 18, "column": 27 } },
      "26": { "start": { "line": 18, "column": 18 }, "end": { "line": 18, "column": 27 } },
      "27": { "start": { "line": 19, "column": 2 }, "end": { "line": 19, "column": 23 } },
      "28": { "start": { "line": 24, "column": 2 }, "end": { "line": 24, "column": 27 } },
      "29": { "start": { "line": 24, "column": 18 }, "end": { "line": 24, "column": 27 } },
      "30": { "start": { "line": 25, "column": 2 }, "end": { "line": 25, "column": 26 } },
      "31": { "start": { "line": 30, "column": 2 }, "end": { "line": 30, "column": 33 } },
      "32": { "start": { "line": 30, "column": 24 }, "end": { "line": 30, "column": 33 } },
      "33": { "start": { "line": 31, "column": 2 }, "end": { "line": 31, "column": 37 } },
      "34": { "start": { "line": 36, "column": 23 }, "end": { "line": 36, "column": 57 } },
      "35": { "start": { "line": 37, "column": 2 }, "end": { "line": 37, "column": 41 } },
      "36": { "start": { "line": 37, "column": 25 }, "end": { "line": 37, "column": 41 } },
      "37": { "start": { "line": 38, "column": 2 }, "end": { "line": 38, "column": 35 } },
      "38": { "start": { "line": 43, "column": 2 }, "end": { "line": 43, "column": 27 } },
      "39": { "start": { "line": 43, "column": 18 }, "end": { "line": 43, "column": 27 } },
      "40": { "start": { "line": 44, "column": 2 }, "end": { "line": 44, "column": 27 } },
      "41": { "start": { "line": 49, "column": 2 }, "end": { "line": 49, "column": 51 } },
      "42": { "start": { "line": 49, "column": 22 }, "end": { "line": 49, "column": 51 } },
      "43": { "start": { "line": 50, "column": 2 }, "end": { "line": 50, "column": 49 } },
      "44": { "start": { "line": 55, "column": 2 }, "end": { "line": 55, "column": 40 } },
      "45": { "start": { "line": 55, "column": 30 }, "end": { "line": 55, "column": 40 } },
      "46": { "start": { "line": 57, "column": 27 }, "end": { "line": 57, "column": 29 } },
      "47": { "start": { "line": 58, "column": 2 }, "end": { "line": 61, "column": 3 } },
      "48": { "start": { "line": 58, "column": 15 }, "end": { "line": 58, "column": 25 } },
      "49": { "start": { "line": 59, "column": 16 }, "end": { "line": 59, "column": 78 } },
      "50": { "start": { "line": 59, "column": 69 }, "end": { "line": 59, "column": 74 } },
      "51": { "start": { "line": 60, "column": 4 }, "end": { "line": 60, "column": 30 } },
      "52": { "start": { "line": 62, "column": 2 }, "end": { "line": 62, "column": 16 } },
      "53": { "start": { "line": 67, "column": 2 }, "end": { "line": 67, "column": 58 } },
      "54": { "start": { "line": 67, "column": 37 }, "end": { "line": 67, "column": 53 } },
      "55": { "start": { "line": 72, "column": 2 }, "end": { "line": 72, "column": 36 } },
      "56": { "start": { "line": 72, "column": 27 }, "end": { "line": 72, "column": 36 } },
      "57": { "start": { "line": 73, "column": 2 }, "end": { "line": 73, "column": 67 } },
      "58": { "start": { "line": 73, "column": 37 }, "end": { "line": 73, "column": 46 } },
      "59": { "start": { "line": 82, "column": 2 }, "end": { "line": 82, "column": 55 } },
      "60": { "start": { "line": 91, "column": 2 }, "end": { "line": 91, "column": 50 } },
      "61": { "start": { "line": 91, "column": 24 }, "end": { "line": 91, "column": 50 } },
      "62": { "start": { "line": 92, "column": 22 }, "end": { "line": 92, "column": 43 } },
      "63": { "start": { "line": 93, "column": 2 }, "end": { "line": 94, "column": 49 } },
      "64": { "start": { "line": 99, "column": 14 }, "end": { "line": 99, "column": 71 } },
      "65": { "start": { "line": 100, "column": 16 }, "end": { "line": 100, "column": 26 } },
      "66": { "start": { "line": 101, "column": 2 }, "end": { "line": 101, "column": 29 } },
      "67": { "start": { "line": 102, "column": 2 }, "end": { "line": 102, "column": 27 } },
      "68": { "start": { "line": 103, "column": 2 }, "end": { "line": 103, "column": 78 } },
      "69": { "start": { "line": 108, "column": 15 }, "end": { "line": 108, "column": 45 } },
      "70": { "start": { "line": 109, "column": 2 }, "end": { "line": 109, "column": 39 } },
      "71": { "start": { "line": 114, "column": 2 }, "end": { "line": 114, "column": 37 } },
      "72": { "start": { "line": 119, "column": 2 }, "end": { "line": 119, "column": 43 } },
      "73": { "start": { "line": 124, "column": 2 }, "end": { "line": 124, "column": 35 } },
      "74": { "start": { "line": 124, "column": 26 }, "end": { "line": 124, "column": 35 } },
      "75": { "start": { "line": 125, "column": 2 }, "end": { "line": 125, "column": 40 } },
      "76": { "start": { "line": 132, "column": 24 }, "end": { "line": 132, "column": 71 } },
      "77": { "start": { "line": 132, "column": 51 }, "end": { "line": 132, "column": 67 } },
      "78": { "start": { "line": 133, "column": 2 }, "end": { "line": 133, "column": 36 } },
      "79": { "start": { "line": 133, "column": 27 }, "end": { "line": 133, "column": 36 } },
      "80": { "start": { "line": 135, "column": 20 }, "end": { "line": 135, "column": 80 } },
      "81": { "start": { "line": 135, "column": 47 }, "end": { "line": 135, "column": 76 } },
      "82": { "start": { "line": 136, "column": 2 }, "end": { "line": 136, "column": 35 } },
      "83": { "start": { "line": 145, "column": 2 }, "end": { "line": 145, "column": 38 } },
      "84": { "start": { "line": 145, "column": 29 }, "end": { "line": 145, "column": 38 } },
      "85": { "start": { "line": 146, "column": 2 }, "end": { "line": 146, "column": 62 } },
      "86": { "start": { "line": 151, "column": 2 }, "end": { "line": 151, "column": 39 } }
    },
    "fnMap": {
      "0": {
        "name": "calculateGrossMargin",
        "decl": { "start": { "line": 6, "column": 16 }, "end": { "line": 6, "column": 36 } },
        "loc": { "start": { "line": 6, "column": 67 }, "end": { "line": 8, "column": 1 } }
      },
      "1": {
        "name": "calculateMarginPercentage",
        "decl": { "start": { "line": 11, "column": 16 }, "end": { "line": 11, "column": 41 } },
        "loc": { "start": { "line": 11, "column": 72 }, "end": { "line": 14, "column": 1 } }
      },
      "2": {
        "name": "calculateMarginPerHectare",
        "decl": { "start": { "line": 17, "column": 16 }, "end": { "line": 17, "column": 41 } },
        "loc": { "start": { "line": 17, "column": 70 }, "end": { "line": 20, "column": 1 } }
      },
      "3": {
        "name": "calculateCostPerHectare",
        "decl": { "start": { "line": 23, "column": 16 }, "end": { "line": 23, "column": 39 } },
        "loc": { "start": { "line": 23, "column": 71 }, "end": { "line": 26, "column": 1 } }
      },
      "4": {
        "name": "calculateROI",
        "decl": { "start": { "line": 29, "column": 16 }, "end": { "line": 29, "column": 28 } },
        "loc": { "start": { "line": 29, "column": 63 }, "end": { "line": 32, "column": 1 } }
      },
      "5": {
        "name": "calculateBreakEven",
        "decl": { "start": { "line": 35, "column": 16 }, "end": { "line": 35, "column": 34 } },
        "loc": { "start": { "line": 35, "column": 104 }, "end": { "line": 39, "column": 1 } }
      },
      "6": {
        "name": "calculateYieldPerHectare",
        "decl": { "start": { "line": 42, "column": 16 }, "end": { "line": 42, "column": 40 } },
        "loc": { "start": { "line": 42, "column": 73 }, "end": { "line": 45, "column": 1 } }
      },
      "7": {
        "name": "calculateVariation",
        "decl": { "start": { "line": 48, "column": 16 }, "end": { "line": 48, "column": 34 } },
        "loc": { "start": { "line": 48, "column": 68 }, "end": { "line": 51, "column": 1 } }
      },
      "8": {
        "name": "calculateMovingAverage",
        "decl": { "start": { "line": 54, "column": 16 }, "end": { "line": 54, "column": 38 } },
        "loc": { "start": { "line": 54, "column": 71 }, "end": { "line": 63, "column": 1 } }
      },
      "9": {
        "name": "(anonymous_9)",
        "decl": { "start": { "line": 59, "column": 59 }, "end": { "line": 59, "column": 60 } },
        "loc": { "start": { "line": 59, "column": 69 }, "end": { "line": 59, "column": 74 } }
      },
      "10": {
        "name": "calculateTotal",
        "decl": { "start": { "line": 66, "column": 16 }, "end": { "line": 66, "column": 30 } },
        "loc": { "start": { "line": 66, "column": 57 }, "end": { "line": 68, "column": 1 } }
      },
      "11": {
        "name": "(anonymous_11)",
        "decl": { "start": { "line": 67, "column": 22 }, "end": { "line": 67, "column": 23 } },
        "loc": { "start": { "line": 67, "column": 37 }, "end": { "line": 67, "column": 53 } }
      },
      "12": {
        "name": "calculateAverage",
        "decl": { "start": { "line": 71, "column": 16 }, "end": { "line": 71, "column": 32 } },
        "loc": { "start": { "line": 71, "column": 49 }, "end": { "line": 74, "column": 1 } }
      },
      "13": {
        "name": "(anonymous_13)",
        "decl": { "start": { "line": 73, "column": 23 }, "end": { "line": 73, "column": 24 } },
        "loc": { "start": { "line": 73, "column": 37 }, "end": { "line": 73, "column": 46 } }
      },
      "14": {
        "name": "calculateCompoundInterest",
        "decl": { "start": { "line": 77, "column": 16 }, "end": { "line": 77, "column": 41 } },
        "loc": { "start": { "line": 80, "column": 17 }, "end": { "line": 83, "column": 1 } }
      },
      "15": {
        "name": "calculatePMT",
        "decl": { "start": { "line": 86, "column": 16 }, "end": { "line": 86, "column": 28 } },
        "loc": { "start": { "line": 89, "column": 16 }, "end": { "line": 95, "column": 1 } }
      },
      "16": {
        "name": "calculateDaysUntilDue",
        "decl": { "start": { "line": 98, "column": 16 }, "end": { "line": 98, "column": 37 } },
        "loc": { "start": { "line": 98, "column": 60 }, "end": { "line": 104, "column": 1 } }
      },
      "17": {
        "name": "calculateDaysOverdue",
        "decl": { "start": { "line": 107, "column": 16 }, "end": { "line": 107, "column": 36 } },
        "loc": { "start": { "line": 107, "column": 59 }, "end": { "line": 110, "column": 1 } }
      },
      "18": {
        "name": "calculateFunrural",
        "decl": { "start": { "line": 113, "column": 16 }, "end": { "line": 113, "column": 33 } },
        "loc": { "start": { "line": 113, "column": 74 }, "end": { "line": 115, "column": 1 } }
      },
      "19": {
        "name": "calculateAverageStock",
        "decl": { "start": { "line": 118, "column": 16 }, "end": { "line": 118, "column": 37 } },
        "loc": { "start": { "line": 118, "column": 80 }, "end": { "line": 120, "column": 1 } }
      },
      "20": {
        "name": "calculateStockTurnover",
        "decl": { "start": { "line": 123, "column": 16 }, "end": { "line": 123, "column": 38 } },
        "loc": { "start": { "line": 123, "column": 84 }, "end": { "line": 126, "column": 1 } }
      },
      "21": {
        "name": "calculateWeightedAverageCost",
        "decl": { "start": { "line": 129, "column": 16 }, "end": { "line": 129, "column": 44 } },
        "loc": { "start": { "line": 130, "column": 51 }, "end": { "line": 137, "column": 1 } }
      },
      "22": {
        "name": "(anonymous_22)",
        "decl": { "start": { "line": 132, "column": 39 }, "end": { "line": 132, "column": 40 } },
        "loc": { "start": { "line": 132, "column": 51 }, "end": { "line": 132, "column": 67 } }
      },
      "23": {
        "name": "(anonymous_23)",
        "decl": { "start": { "line": 135, "column": 35 }, "end": { "line": 135, "column": 36 } },
        "loc": { "start": { "line": 135, "column": 47 }, "end": { "line": 135, "column": 76 } }
      },
      "24": {
        "name": "calculateLinearDepreciation",
        "decl": { "start": { "line": 140, "column": 16 }, "end": { "line": 140, "column": 43 } },
        "loc": { "start": { "line": 143, "column": 25 }, "end": { "line": 147, "column": 1 } }
      },
      "25": {
        "name": "roundToTwoDecimals",
        "decl": { "start": { "line": 150, "column": 16 }, "end": { "line": 150, "column": 34 } },
        "loc": { "start": { "line": 150, "column": 48 }, "end": { "line": 152, "column": 1 } }
      }
    },
    "branchMap": {
      "0": {
        "loc": { "start": { "line": 12, "column": 2 }, "end": { "line": 12, "column": 30 } },
        "type": "if",
        "locations": [
          { "start": { "line": 12, "column": 2 }, "end": { "line": 12, "column": 30 } },
          { "start": {}, "end": {} }
        ]
      },
      "1": {
        "loc": { "start": { "line": 18, "column": 2 }, "end": { "line": 18, "column": 27 } },
        "type": "if",
        "locations": [
          { "start": { "line": 18, "column": 2 }, "end": { "line": 18, "column": 27 } },
          { "start": {}, "end": {} }
        ]
      },
      "2": {
        "loc": { "start": { "line": 24, "column": 2 }, "end": { "line": 24, "column": 27 } },
        "type": "if",
        "locations": [
          { "start": { "line": 24, "column": 2 }, "end": { "line": 24, "column": 27 } },
          { "start": {}, "end": {} }
        ]
      },
      "3": {
        "loc": { "start": { "line": 30, "column": 2 }, "end": { "line": 30, "column": 33 } },
        "type": "if",
        "locations": [
          { "start": { "line": 30, "column": 2 }, "end": { "line": 30, "column": 33 } },
          { "start": {}, "end": {} }
        ]
      },
      "4": {
        "loc": { "start": { "line": 37, "column": 2 }, "end": { "line": 37, "column": 41 } },
        "type": "if",
        "locations": [
          { "start": { "line": 37, "column": 2 }, "end": { "line": 37, "column": 41 } },
          { "start": {}, "end": {} }
        ]
      },
      "5": {
        "loc": { "start": { "line": 43, "column": 2 }, "end": { "line": 43, "column": 27 } },
        "type": "if",
        "locations": [
          { "start": { "line": 43, "column": 2 }, "end": { "line": 43, "column": 27 } },
          { "start": {}, "end": {} }
        ]
      },
      "6": {
        "loc": { "start": { "line": 49, "column": 2 }, "end": { "line": 49, "column": 51 } },
        "type": "if",
        "locations": [
          { "start": { "line": 49, "column": 2 }, "end": { "line": 49, "column": 51 } },
          { "start": {}, "end": {} }
        ]
      },
      "7": {
        "loc": { "start": { "line": 49, "column": 29 }, "end": { "line": 49, "column": 50 } },
        "type": "cond-expr",
        "locations": [
          { "start": { "line": 49, "column": 43 }, "end": { "line": 49, "column": 46 } },
          { "start": { "line": 49, "column": 49 }, "end": { "line": 49, "column": 50 } }
        ]
      },
      "8": {
        "loc": { "start": { "line": 55, "column": 2 }, "end": { "line": 55, "column": 40 } },
        "type": "if",
        "locations": [
          { "start": { "line": 55, "column": 2 }, "end": { "line": 55, "column": 40 } },
          { "start": {}, "end": {} }
        ]
      },
      "9": {
        "loc": { "start": { "line": 72, "column": 2 }, "end": { "line": 72, "column": 36 } },
        "type": "if",
        "locations": [
          { "start": { "line": 72, "column": 2 }, "end": { "line": 72, "column": 36 } },
          { "start": {}, "end": {} }
        ]
      },
      "10": {
        "loc": { "start": { "line": 91, "column": 2 }, "end": { "line": 91, "column": 50 } },
        "type": "if",
        "locations": [
          { "start": { "line": 91, "column": 2 }, "end": { "line": 91, "column": 50 } },
          { "start": {}, "end": {} }
        ]
      },
      "11": {
        "loc": { "start": { "line": 99, "column": 14 }, "end": { "line": 99, "column": 71 } },
        "type": "cond-expr",
        "locations": [
          { "start": { "line": 99, "column": 44 }, "end": { "line": 99, "column": 61 } },
          { "start": { "line": 99, "column": 64 }, "end": { "line": 99, "column": 71 } }
        ]
      },
      "12": {
        "loc": { "start": { "line": 109, "column": 9 }, "end": { "line": 109, "column": 38 } },
        "type": "cond-expr",
        "locations": [
          { "start": { "line": 109, "column": 20 }, "end": { "line": 109, "column": 34 } },
          { "start": { "line": 109, "column": 37 }, "end": { "line": 109, "column": 38 } }
        ]
      },
      "13": {
        "loc": { "start": { "line": 113, "column": 53 }, "end": { "line": 113, "column": 74 } },
        "type": "default-arg",
        "locations": [
          { "start": { "line": 113, "column": 71 }, "end": { "line": 113, "column": 74 } }
        ]
      },
      "14": {
        "loc": { "start": { "line": 124, "column": 2 }, "end": { "line": 124, "column": 35 } },
        "type": "if",
        "locations": [
          { "start": { "line": 124, "column": 2 }, "end": { "line": 124, "column": 35 } },
          { "start": {}, "end": {} }
        ]
      },
      "15": {
        "loc": { "start": { "line": 133, "column": 2 }, "end": { "line": 133, "column": 36 } },
        "type": "if",
        "locations": [
          { "start": { "line": 133, "column": 2 }, "end": { "line": 133, "column": 36 } },
          { "start": {}, "end": {} }
        ]
      },
      "16": {
        "loc": { "start": { "line": 145, "column": 2 }, "end": { "line": 145, "column": 38 } },
        "type": "if",
        "locations": [
          { "start": { "line": 145, "column": 2 }, "end": { "line": 145, "column": 38 } },
          { "start": {}, "end": {} }
        ]
      }
    },
    "s": {
      "0": 1,
      "1": 1,
      "2": 1,
      "3": 1,
      "4": 1,
      "5": 1,
      "6": 1,
      "7": 1,
      "8": 1,
      "9": 1,
      "10": 1,
      "11": 1,
      "12": 1,
      "13": 1,
      "14": 1,
      "15": 1,
      "16": 1,
      "17": 1,
      "18": 1,
      "19": 1,
      "20": 1,
      "21": 3,
      "22": 3,
      "23": 1,
      "24": 2,
      "25": 2,
      "26": 1,
      "27": 1,
      "28": 2,
      "29": 1,
      "30": 1,
      "31": 3,
      "32": 1,
      "33": 2,
      "34": 3,
      "35": 3,
      "36": 2,
      "37": 1,
      "38": 2,
      "39": 1,
      "40": 1,
      "41": 4,
      "42": 2,
      "43": 2,
      "44": 2,
      "45": 1,
      "46": 1,
      "47": 1,
      "48": 1,
      "49": 3,
      "50": 9,
      "51": 3,
      "52": 1,
      "53": 2,
      "54": 3,
      "55": 2,
      "56": 1,
      "57": 1,
      "58": 3,
      "59": 1,
      "60": 2,
      "61": 1,
      "62": 1,
      "63": 1,
      "64": 4,
      "65": 4,
      "66": 4,
      "67": 4,
      "68": 4,
      "69": 2,
      "70": 2,
      "71": 2,
      "72": 1,
      "73": 2,
      "74": 1,
      "75": 1,
      "76": 2,
      "77": 2,
      "78": 2,
      "79": 1,
      "80": 1,
      "81": 2,
      "82": 1,
      "83": 2,
      "84": 1,
      "85": 1,
      "86": 6
    },
    "f": {
      "0": 3,
      "1": 3,
      "2": 2,
      "3": 2,
      "4": 3,
      "5": 3,
      "6": 2,
      "7": 4,
      "8": 2,
      "9": 9,
      "10": 2,
      "11": 3,
      "12": 2,
      "13": 3,
      "14": 1,
      "15": 2,
      "16": 4,
      "17": 2,
      "18": 2,
      "19": 1,
      "20": 2,
      "21": 2,
      "22": 2,
      "23": 2,
      "24": 2,
      "25": 6
    },
    "b": {
      "0": [1, 2],
      "1": [1, 1],
      "2": [1, 1],
      "3": [1, 2],
      "4": [2, 1],
      "5": [1, 1],
      "6": [2, 2],
      "7": [1, 1],
      "8": [1, 1],
      "9": [1, 1],
      "10": [1, 1],
      "11": [0, 4],
      "12": [1, 1],
      "13": [1],
      "14": [1, 1],
      "15": [1, 1],
      "16": [1, 1]
    }
  },
  "/Users/manoelnascimento/grofinance-gest-o-rural/utils/formatters.ts": {
    "path": "/Users/manoelnascimento/grofinance-gest-o-rural/utils/formatters.ts",
    "statementMap": {
      "0": { "start": { "line": 6, "column": 0 }, "end": { "line": 6, "column": 16 } },
      "1": { "start": { "line": 14, "column": 0 }, "end": { "line": 14, "column": 16 } },
      "2": { "start": { "line": 22, "column": 0 }, "end": { "line": 22, "column": 16 } },
      "3": { "start": { "line": 33, "column": 0 }, "end": { "line": 33, "column": 16 } },
      "4": { "start": { "line": 40, "column": 0 }, "end": { "line": 40, "column": 16 } },
      "5": { "start": { "line": 47, "column": 0 }, "end": { "line": 47, "column": 16 } },
      "6": { "start": { "line": 54, "column": 0 }, "end": { "line": 54, "column": 16 } },
      "7": { "start": { "line": 66, "column": 0 }, "end": { "line": 66, "column": 16 } },
      "8": { "start": { "line": 73, "column": 0 }, "end": { "line": 73, "column": 16 } },
      "9": { "start": { "line": 80, "column": 0 }, "end": { "line": 80, "column": 16 } },
      "10": { "start": { "line": 90, "column": 0 }, "end": { "line": 90, "column": 16 } },
      "11": { "start": { "line": 105, "column": 0 }, "end": { "line": 105, "column": 16 } },
      "12": { "start": { "line": 110, "column": 0 }, "end": { "line": 110, "column": 16 } },
      "13": { "start": { "line": 122, "column": 0 }, "end": { "line": 122, "column": 16 } },
      "14": { "start": { "line": 127, "column": 0 }, "end": { "line": 127, "column": 16 } },
      "15": { "start": { "line": 135, "column": 0 }, "end": { "line": 135, "column": 16 } },
      "16": { "start": { "line": 141, "column": 0 }, "end": { "line": 141, "column": 16 } },
      "17": { "start": { "line": 147, "column": 0 }, "end": { "line": 147, "column": 16 } },
      "18": { "start": { "line": 152, "column": 0 }, "end": { "line": 152, "column": 16 } },
      "19": { "start": { "line": 158, "column": 0 }, "end": { "line": 158, "column": 16 } },
      "20": { "start": { "line": 7, "column": 2 }, "end": { "line": 10, "column": 19 } },
      "21": { "start": { "line": 15, "column": 2 }, "end": { "line": 18, "column": 19 } },
      "22": { "start": { "line": 23, "column": 2 }, "end": { "line": 25, "column": 3 } },
      "23": { "start": { "line": 24, "column": 4 }, "end": { "line": 24, "column": 49 } },
      "24": { "start": { "line": 26, "column": 2 }, "end": { "line": 28, "column": 3 } },
      "25": { "start": { "line": 27, "column": 4 }, "end": { "line": 27, "column": 46 } },
      "26": { "start": { "line": 29, "column": 2 }, "end": { "line": 29, "column": 31 } },
      "27": { "start": { "line": 34, "column": 16 }, "end": { "line": 34, "column": 38 } },
      "28": { "start": { "line": 35, "column": 2 }, "end": { "line": 35, "column": 38 } },
      "29": { "start": { "line": 35, "column": 27 }, "end": { "line": 35, "column": 38 } },
      "30": { "start": { "line": 36, "column": 2 }, "end": { "line": 36, "column": 70 } },
      "31": { "start": { "line": 41, "column": 16 }, "end": { "line": 41, "column": 39 } },
      "32": { "start": { "line": 42, "column": 2 }, "end": { "line": 42, "column": 39 } },
      "33": { "start": { "line": 42, "column": 27 }, "end": { "line": 42, "column": 39 } },
      "34": { "start": { "line": 43, "column": 2 }, "end": { "line": 43, "column": 80 } },
      "35": { "start": { "line": 48, "column": 16 }, "end": { "line": 48, "column": 40 } },
      "36": { "start": { "line": 49, "column": 2 }, "end": { "line": 49, "column": 50 } },
      "37": { "start": { "line": 49, "column": 26 }, "end": { "line": 49, "column": 50 } },
      "38": { "start": { "line": 50, "column": 2 }, "end": { "line": 50, "column": 27 } },
      "39": { "start": { "line": 55, "column": 16 }, "end": { "line": 55, "column": 40 } },
      "40": { "start": { "line": 56, "column": 2 }, "end": { "line": 58, "column": 3 } },
      "41": { "start": { "line": 57, "column": 4 }, "end": { "line": 57, "column": 64 } },
      "42": { "start": { "line": 59, "column": 2 }, "end": { "line": 61, "column": 3 } },
      "43": { "start": { "line": 60, "column": 4 }, "end": { "line": 60, "column": 64 } },
      "44": { "start": { "line": 62, "column": 2 }, "end": { "line": 62, "column": 15 } },
      "45": { "start": { "line": 67, "column": 16 }, "end": { "line": 67, "column": 38 } },
      "46": { "start": { "line": 68, "column": 2 }, "end": { "line": 68, "column": 37 } },
      "47": { "start": { "line": 68, "column": 26 }, "end": { "line": 68, "column": 37 } },
      "48": { "start": { "line": 69, "column": 2 }, "end": { "line": 69, "column": 50 } },
      "49": { "start": { "line": 74, "column": 12 }, "end": { "line": 74, "column": 60 } },
      "50": { "start": { "line": 75, "column": 2 }, "end": { "line": 75, "column": 36 } },
      "51": { "start": { "line": 75, "column": 26 }, "end": { "line": 75, "column": 36 } },
      "52": { "start": { "line": 76, "column": 2 }, "end": { "line": 76, "column": 39 } },
      "53": { "start": { "line": 81, "column": 12 }, "end": { "line": 81, "column": 60 } },
      "54": { "start": { "line": 82, "column": 2 }, "end": { "line": 82, "column": 36 } },
      "55": { "start": { "line": 82, "column": 26 }, "end": { "line": 82, "column": 36 } },
      "56": { "start": { "line": 83, "column": 2 }, "end": { "line": 86, "column": 5 } },
      "57": { "start": { "line": 91, "column": 12 }, "end": { "line": 91, "column": 60 } },
      "58": { "start": { "line": 92, "column": 14 }, "end": { "line": 92, "column": 24 } },
      "59": { "start": { "line": 93, "column": 15 }, "end": { "line": 93, "column": 42 } },
      "60": { "start": { "line": 94, "column": 15 }, "end": { "line": 94, "column": 55 } },
      "61": { "start": { "line": 96, "column": 2 }, "end": { "line": 96, "column": 32 } },
      "62": { "start": { "line": 96, "column": 18 }, "end": { "line": 96, "column": 32 } },
      "63": { "start": { "line": 97, "column": 2 }, "end": { "line": 97, "column": 33 } },
      "64": { "start": { "line": 97, "column": 18 }, "end": { "line": 97, "column": 33 } },
      "65": { "start": { "line": 98, "column": 2 }, "end": { "line": 98, "column": 44 } },
      "66": { "start": { "line": 98, "column": 16 }, "end": { "line": 98, "column": 44 } },
      "67": { "start": { "line": 99, "column": 2 }, "end": { "line": 99, "column": 64 } },
      "68": { "start": { "line": 99, "column": 17 }, "end": { "line": 99, "column": 64 } },
      "69": { "start": { "line": 100, "column": 2 }, "end": { "line": 100, "column": 64 } },
      "70": { "start": { "line": 100, "column": 18 }, "end": { "line": 100, "column": 64 } },
      "71": { "start": { "line": 101, "column": 2 }, "end": { "line": 101, "column": 48 } },
      "72": { "start": { "line": 106, "column": 2 }, "end": { "line": 106, "column": 50 } },
      "73": { "start": { "line": 111, "column": 2 }, "end": { "line": 118, "column": 3 } },
      "74": { "start": { "line": 113, "column": 6 }, "end": { "line": 113, "column": 88 } },
      "75": { "start": { "line": 115, "column": 6 }, "end": { "line": 115, "column": 84 } },
      "76": { "start": { "line": 117, "column": 6 }, "end": { "line": 117, "column": 48 } },
      "77": { "start": { "line": 123, "column": 2 }, "end": { "line": 123, "column": 39 } },
      "78": { "start": { "line": 128, "column": 2 }, "end": { "line": 131, "column": 5 } },
      "79": { "start": { "line": 136, "column": 16 }, "end": { "line": 136, "column": 38 } },
      "80": { "start": { "line": 137, "column": 2 }, "end": { "line": 137, "column": 49 } },
      "81": { "start": { "line": 142, "column": 16 }, "end": { "line": 142, "column": 63 } },
      "82": { "start": { "line": 143, "column": 2 }, "end": { "line": 143, "column": 32 } },
      "83": { "start": { "line": 148, "column": 2 }, "end": { "line": 148, "column": 68 } },
      "84": { "start": { "line": 153, "column": 2 }, "end": { "line": 153, "column": 44 } },
      "85": { "start": { "line": 153, "column": 32 }, "end": { "line": 153, "column": 44 } },
      "86": { "start": { "line": 154, "column": 2 }, "end": { "line": 154, "column": 46 } },
      "87": { "start": { "line": 159, "column": 2 }, "end": { "line": 159, "column": 41 } }
    },
    "fnMap": {
      "0": {
        "name": "formatCurrency",
        "decl": { "start": { "line": 6, "column": 16 }, "end": { "line": 6, "column": 30 } },
        "loc": { "start": { "line": 6, "column": 44 }, "end": { "line": 11, "column": 1 } }
      },
      "1": {
        "name": "formatCurrencyNumber",
        "decl": { "start": { "line": 14, "column": 16 }, "end": { "line": 14, "column": 36 } },
        "loc": { "start": { "line": 14, "column": 50 }, "end": { "line": 19, "column": 1 } }
      },
      "2": {
        "name": "formatCompactCurrency",
        "decl": { "start": { "line": 22, "column": 16 }, "end": { "line": 22, "column": 37 } },
        "loc": { "start": { "line": 22, "column": 51 }, "end": { "line": 30, "column": 1 } }
      },
      "3": {
        "name": "formatCPF",
        "decl": { "start": { "line": 33, "column": 16 }, "end": { "line": 33, "column": 25 } },
        "loc": { "start": { "line": 33, "column": 37 }, "end": { "line": 37, "column": 1 } }
      },
      "4": {
        "name": "formatCNPJ",
        "decl": { "start": { "line": 40, "column": 16 }, "end": { "line": 40, "column": 26 } },
        "loc": { "start": { "line": 40, "column": 39 }, "end": { "line": 44, "column": 1 } }
      },
      "5": {
        "name": "formatCPFCNPJ",
        "decl": { "start": { "line": 47, "column": 16 }, "end": { "line": 47, "column": 29 } },
        "loc": { "start": { "line": 47, "column": 43 }, "end": { "line": 51, "column": 1 } }
      },
      "6": {
        "name": "formatPhone",
        "decl": { "start": { "line": 54, "column": 16 }, "end": { "line": 54, "column": 27 } },
        "loc": { "start": { "line": 54, "column": 41 }, "end": { "line": 63, "column": 1 } }
      },
      "7": {
        "name": "formatCEP",
        "decl": { "start": { "line": 66, "column": 16 }, "end": { "line": 66, "column": 25 } },
        "loc": { "start": { "line": 66, "column": 37 }, "end": { "line": 70, "column": 1 } }
      },
      "8": {
        "name": "formatDateBR",
        "decl": { "start": { "line": 73, "column": 16 }, "end": { "line": 73, "column": 28 } },
        "loc": { "start": { "line": 73, "column": 48 }, "end": { "line": 77, "column": 1 } }
      },
      "9": {
        "name": "formatDateTimeBR",
        "decl": { "start": { "line": 80, "column": 16 }, "end": { "line": 80, "column": 32 } },
        "loc": { "start": { "line": 80, "column": 52 }, "end": { "line": 87, "column": 1 } }
      },
      "10": {
        "name": "formatRelativeDate",
        "decl": { "start": { "line": 90, "column": 16 }, "end": { "line": 90, "column": 34 } },
        "loc": { "start": { "line": 90, "column": 54 }, "end": { "line": 102, "column": 1 } }
      },
      "11": {
        "name": "formatArea",
        "decl": { "start": { "line": 105, "column": 16 }, "end": { "line": 105, "column": 26 } },
        "loc": { "start": { "line": 105, "column": 43 }, "end": { "line": 107, "column": 1 } }
      },
      "12": {
        "name": "formatWeight",
        "decl": { "start": { "line": 110, "column": 16 }, "end": { "line": 110, "column": 28 } },
        "loc": { "start": { "line": 110, "column": 77 }, "end": { "line": 119, "column": 1 } }
      },
      "13": {
        "name": "formatPercentage",
        "decl": { "start": { "line": 122, "column": 16 }, "end": { "line": 122, "column": 32 } },
        "loc": { "start": { "line": 122, "column": 68 }, "end": { "line": 124, "column": 1 } }
      },
      "14": {
        "name": "formatNumber",
        "decl": { "start": { "line": 127, "column": 16 }, "end": { "line": 127, "column": 28 } },
        "loc": { "start": { "line": 127, "column": 64 }, "end": { "line": 132, "column": 1 } }
      },
      "15": {
        "name": "formatNFeAccessKey",
        "decl": { "start": { "line": 135, "column": 16 }, "end": { "line": 135, "column": 34 } },
        "loc": { "start": { "line": 135, "column": 46 }, "end": { "line": 138, "column": 1 } }
      },
      "16": {
        "name": "parseCurrency",
        "decl": { "start": { "line": 141, "column": 16 }, "end": { "line": 141, "column": 29 } },
        "loc": { "start": { "line": 141, "column": 43 }, "end": { "line": 144, "column": 1 } }
      },
      "17": {
        "name": "capitalize",
        "decl": { "start": { "line": 147, "column": 16 }, "end": { "line": 147, "column": 26 } },
        "loc": { "start": { "line": 147, "column": 39 }, "end": { "line": 149, "column": 1 } }
      },
      "18": {
        "name": "truncate",
        "decl": { "start": { "line": 152, "column": 16 }, "end": { "line": 152, "column": 24 } },
        "loc": { "start": { "line": 152, "column": 56 }, "end": { "line": 155, "column": 1 } }
      },
      "19": {
        "name": "pluralize",
        "decl": { "start": { "line": 158, "column": 16 }, "end": { "line": 158, "column": 25 } },
        "loc": { "start": { "line": 158, "column": 73 }, "end": { "line": 160, "column": 1 } }
      }
    },
    "branchMap": {
      "0": {
        "loc": { "start": { "line": 23, "column": 2 }, "end": { "line": 25, "column": 3 } },
        "type": "if",
        "locations": [
          { "start": { "line": 23, "column": 2 }, "end": { "line": 25, "column": 3 } },
          { "start": {}, "end": {} }
        ]
      },
      "1": {
        "loc": { "start": { "line": 26, "column": 2 }, "end": { "line": 28, "column": 3 } },
        "type": "if",
        "locations": [
          { "start": { "line": 26, "column": 2 }, "end": { "line": 28, "column": 3 } },
          { "start": {}, "end": {} }
        ]
      },
      "2": {
        "loc": { "start": { "line": 35, "column": 2 }, "end": { "line": 35, "column": 38 } },
        "type": "if",
        "locations": [
          { "start": { "line": 35, "column": 2 }, "end": { "line": 35, "column": 38 } },
          { "start": {}, "end": {} }
        ]
      },
      "3": {
        "loc": { "start": { "line": 42, "column": 2 }, "end": { "line": 42, "column": 39 } },
        "type": "if",
        "locations": [
          { "start": { "line": 42, "column": 2 }, "end": { "line": 42, "column": 39 } },
          { "start": {}, "end": {} }
        ]
      },
      "4": {
        "loc": { "start": { "line": 49, "column": 2 }, "end": { "line": 49, "column": 50 } },
        "type": "if",
        "locations": [
          { "start": { "line": 49, "column": 2 }, "end": { "line": 49, "column": 50 } },
          { "start": {}, "end": {} }
        ]
      },
      "5": {
        "loc": { "start": { "line": 56, "column": 2 }, "end": { "line": 58, "column": 3 } },
        "type": "if",
        "locations": [
          { "start": { "line": 56, "column": 2 }, "end": { "line": 58, "column": 3 } },
          { "start": {}, "end": {} }
        ]
      },
      "6": {
        "loc": { "start": { "line": 59, "column": 2 }, "end": { "line": 61, "column": 3 } },
        "type": "if",
        "locations": [
          { "start": { "line": 59, "column": 2 }, "end": { "line": 61, "column": 3 } },
          { "start": {}, "end": {} }
        ]
      },
      "7": {
        "loc": { "start": { "line": 68, "column": 2 }, "end": { "line": 68, "column": 37 } },
        "type": "if",
        "locations": [
          { "start": { "line": 68, "column": 2 }, "end": { "line": 68, "column": 37 } },
          { "start": {}, "end": {} }
        ]
      },
      "8": {
        "loc": { "start": { "line": 74, "column": 12 }, "end": { "line": 74, "column": 60 } },
        "type": "cond-expr",
        "locations": [
          { "start": { "line": 74, "column": 39 }, "end": { "line": 74, "column": 53 } },
          { "start": { "line": 74, "column": 56 }, "end": { "line": 74, "column": 60 } }
        ]
      },
      "9": {
        "loc": { "start": { "line": 75, "column": 2 }, "end": { "line": 75, "column": 36 } },
        "type": "if",
        "locations": [
          { "start": { "line": 75, "column": 2 }, "end": { "line": 75, "column": 36 } },
          { "start": {}, "end": {} }
        ]
      },
      "10": {
        "loc": { "start": { "line": 81, "column": 12 }, "end": { "line": 81, "column": 60 } },
        "type": "cond-expr",
        "locations": [
          { "start": { "line": 81, "column": 39 }, "end": { "line": 81, "column": 53 } },
          { "start": { "line": 81, "column": 56 }, "end": { "line": 81, "column": 60 } }
        ]
      },
      "11": {
        "loc": { "start": { "line": 82, "column": 2 }, "end": { "line": 82, "column": 36 } },
        "type": "if",
        "locations": [
          { "start": { "line": 82, "column": 2 }, "end": { "line": 82, "column": 36 } },
          { "start": {}, "end": {} }
        ]
      },
      "12": {
        "loc": { "start": { "line": 91, "column": 12 }, "end": { "line": 91, "column": 60 } },
        "type": "cond-expr",
        "locations": [
          { "start": { "line": 91, "column": 39 }, "end": { "line": 91, "column": 53 } },
          { "start": { "line": 91, "column": 56 }, "end": { "line": 91, "column": 60 } }
        ]
      },
      "13": {
        "loc": { "start": { "line": 96, "column": 2 }, "end": { "line": 96, "column": 32 } },
        "type": "if",
        "locations": [
          { "start": { "line": 96, "column": 2 }, "end": { "line": 96, "column": 32 } },
          { "start": {}, "end": {} }
        ]
      },
      "14": {
        "loc": { "start": { "line": 97, "column": 2 }, "end": { "line": 97, "column": 33 } },
        "type": "if",
        "locations": [
          { "start": { "line": 97, "column": 2 }, "end": { "line": 97, "column": 33 } },
          { "start": {}, "end": {} }
        ]
      },
      "15": {
        "loc": { "start": { "line": 98, "column": 2 }, "end": { "line": 98, "column": 44 } },
        "type": "if",
        "locations": [
          { "start": { "line": 98, "column": 2 }, "end": { "line": 98, "column": 44 } },
          { "start": {}, "end": {} }
        ]
      },
      "16": {
        "loc": { "start": { "line": 99, "column": 2 }, "end": { "line": 99, "column": 64 } },
        "type": "if",
        "locations": [
          { "start": { "line": 99, "column": 2 }, "end": { "line": 99, "column": 64 } },
          { "start": {}, "end": {} }
        ]
      },
      "17": {
        "loc": { "start": { "line": 100, "column": 2 }, "end": { "line": 100, "column": 64 } },
        "type": "if",
        "locations": [
          { "start": { "line": 100, "column": 2 }, "end": { "line": 100, "column": 64 } },
          { "start": {}, "end": {} }
        ]
      },
      "18": {
        "loc": { "start": { "line": 110, "column": 41 }, "end": { "line": 110, "column": 77 } },
        "type": "default-arg",
        "locations": [
          { "start": { "line": 110, "column": 73 }, "end": { "line": 110, "column": 77 } }
        ]
      },
      "19": {
        "loc": { "start": { "line": 111, "column": 2 }, "end": { "line": 118, "column": 3 } },
        "type": "switch",
        "locations": [
          { "start": { "line": 112, "column": 4 }, "end": { "line": 113, "column": 88 } },
          { "start": { "line": 114, "column": 4 }, "end": { "line": 115, "column": 84 } },
          { "start": { "line": 116, "column": 4 }, "end": { "line": 117, "column": 48 } }
        ]
      },
      "20": {
        "loc": { "start": { "line": 122, "column": 48 }, "end": { "line": 122, "column": 68 } },
        "type": "default-arg",
        "locations": [
          { "start": { "line": 122, "column": 67 }, "end": { "line": 122, "column": 68 } }
        ]
      },
      "21": {
        "loc": { "start": { "line": 127, "column": 44 }, "end": { "line": 127, "column": 64 } },
        "type": "default-arg",
        "locations": [
          { "start": { "line": 127, "column": 63 }, "end": { "line": 127, "column": 64 } }
        ]
      },
      "22": {
        "loc": { "start": { "line": 143, "column": 9 }, "end": { "line": 143, "column": 31 } },
        "type": "binary-expr",
        "locations": [
          { "start": { "line": 143, "column": 9 }, "end": { "line": 143, "column": 26 } },
          { "start": { "line": 143, "column": 30 }, "end": { "line": 143, "column": 31 } }
        ]
      },
      "23": {
        "loc": { "start": { "line": 153, "column": 2 }, "end": { "line": 153, "column": 44 } },
        "type": "if",
        "locations": [
          { "start": { "line": 153, "column": 2 }, "end": { "line": 153, "column": 44 } },
          { "start": {}, "end": {} }
        ]
      },
      "24": {
        "loc": { "start": { "line": 159, "column": 9 }, "end": { "line": 159, "column": 40 } },
        "type": "cond-expr",
        "locations": [
          { "start": { "line": 159, "column": 23 }, "end": { "line": 159, "column": 31 } },
          { "start": { "line": 159, "column": 34 }, "end": { "line": 159, "column": 40 } }
        ]
      }
    },
    "s": {
      "0": 1,
      "1": 1,
      "2": 1,
      "3": 1,
      "4": 1,
      "5": 1,
      "6": 1,
      "7": 1,
      "8": 1,
      "9": 1,
      "10": 1,
      "11": 1,
      "12": 1,
      "13": 1,
      "14": 1,
      "15": 1,
      "16": 1,
      "17": 1,
      "18": 1,
      "19": 1,
      "20": 4,
      "21": 2,
      "22": 5,
      "23": 2,
      "24": 3,
      "25": 2,
      "26": 1,
      "27": 3,
      "28": 3,
      "29": 1,
      "30": 2,
      "31": 3,
      "32": 3,
      "33": 1,
      "34": 2,
      "35": 2,
      "36": 2,
      "37": 1,
      "38": 1,
      "39": 2,
      "40": 2,
      "41": 1,
      "42": 1,
      "43": 1,
      "44": 0,
      "45": 2,
      "46": 2,
      "47": 1,
      "48": 1,
      "49": 3,
      "50": 3,
      "51": 1,
      "52": 2,
      "53": 1,
      "54": 1,
      "55": 0,
      "56": 1,
      "57": 3,
      "58": 3,
      "59": 3,
      "60": 3,
      "61": 3,
      "62": 1,
      "63": 2,
      "64": 1,
      "65": 1,
      "66": 1,
      "67": 0,
      "68": 0,
      "69": 0,
      "70": 0,
      "71": 0,
      "72": 2,
      "73": 3,
      "74": 1,
      "75": 1,
      "76": 1,
      "77": 2,
      "78": 2,
      "79": 1,
      "80": 1,
      "81": 3,
      "82": 3,
      "83": 2,
      "84": 2,
      "85": 1,
      "86": 1,
      "87": 3
    },
    "f": {
      "0": 4,
      "1": 2,
      "2": 5,
      "3": 3,
      "4": 3,
      "5": 2,
      "6": 2,
      "7": 2,
      "8": 3,
      "9": 1,
      "10": 3,
      "11": 2,
      "12": 3,
      "13": 2,
      "14": 2,
      "15": 1,
      "16": 3,
      "17": 2,
      "18": 2,
      "19": 3
    },
    "b": {
      "0": [2, 3],
      "1": [2, 1],
      "2": [1, 2],
      "3": [1, 2],
      "4": [1, 1],
      "5": [1, 1],
      "6": [1, 0],
      "7": [1, 1],
      "8": [2, 1],
      "9": [1, 2],
      "10": [0, 1],
      "11": [0, 1],
      "12": [0, 3],
      "13": [1, 2],
      "14": [1, 1],
      "15": [1, 0],
      "16": [0, 0],
      "17": [0, 0],
      "18": [1],
      "19": [1, 1, 1],
      "20": [1],
      "21": [1],
      "22": [3, 1],
      "23": [1, 1],
      "24": [1, 2]
    }
  },
  "/Users/manoelnascimento/grofinance-gest-o-rural/utils/validators.ts": {
    "path": "/Users/manoelnascimento/grofinance-gest-o-rural/utils/validators.ts",
    "statementMap": {
      "0": { "start": { "line": 6, "column": 0 }, "end": { "line": 6, "column": 16 } },
      "1": { "start": { "line": 34, "column": 0 }, "end": { "line": 34, "column": 16 } },
      "2": { "start": { "line": 64, "column": 0 }, "end": { "line": 64, "column": 16 } },
      "3": { "start": { "line": 72, "column": 0 }, "end": { "line": 72, "column": 16 } },
      "4": { "start": { "line": 78, "column": 0 }, "end": { "line": 78, "column": 16 } },
      "5": { "start": { "line": 84, "column": 0 }, "end": { "line": 84, "column": 16 } },
      "6": { "start": { "line": 91, "column": 0 }, "end": { "line": 91, "column": 16 } },
      "7": { "start": { "line": 97, "column": 0 }, "end": { "line": 97, "column": 16 } },
      "8": { "start": { "line": 104, "column": 0 }, "end": { "line": 104, "column": 16 } },
      "9": { "start": { "line": 111, "column": 0 }, "end": { "line": 111, "column": 16 } },
      "10": { "start": { "line": 116, "column": 0 }, "end": { "line": 116, "column": 16 } },
      "11": { "start": { "line": 121, "column": 0 }, "end": { "line": 121, "column": 16 } },
      "12": { "start": { "line": 127, "column": 0 }, "end": { "line": 127, "column": 16 } },
      "13": { "start": { "line": 135, "column": 0 }, "end": { "line": 135, "column": 16 } },
      "14": { "start": { "line": 140, "column": 0 }, "end": { "line": 140, "column": 16 } },
      "15": { "start": { "line": 145, "column": 0 }, "end": { "line": 145, "column": 16 } },
      "16": { "start": { "line": 7, "column": 19 }, "end": { "line": 7, "column": 41 } },
      "17": { "start": { "line": 9, "column": 2 }, "end": { "line": 9, "column": 43 } },
      "18": { "start": { "line": 9, "column": 30 }, "end": { "line": 9, "column": 43 } },
      "19": { "start": { "line": 10, "column": 2 }, "end": { "line": 10, "column": 47 } },
      "20": { "start": { "line": 10, "column": 34 }, "end": { "line": 10, "column": 47 } },
      "21": { "start": { "line": 13, "column": 12 }, "end": { "line": 13, "column": 13 } },
      "22": { "start": { "line": 14, "column": 2 }, "end": { "line": 16, "column": 3 } },
      "23": { "start": { "line": 14, "column": 15 }, "end": { "line": 14, "column": 16 } },
      "24": { "start": { "line": 15, "column": 4 }, "end": { "line": 15, "column": 44 } },
      "25": { "start": { "line": 17, "column": 18 }, "end": { "line": 17, "column": 33 } },
      "26": { "start": { "line": 18, "column": 2 }, "end": { "line": 18, "column": 58 } },
      "27": { "start": { "line": 18, "column": 44 }, "end": { "line": 18, "column": 58 } },
      "28": { "start": { "line": 19, "column": 2 }, "end": { "line": 19, "column": 56 } },
      "29": { "start": { "line": 19, "column": 43 }, "end": { "line": 19, "column": 56 } },
      "30": { "start": { "line": 22, "column": 2 }, "end": { "line": 22, "column": 10 } },
      "31": { "start": { "line": 23, "column": 2 }, "end": { "line": 25, "column": 3 } },
      "32": { "start": { "line": 23, "column": 15 }, "end": { "line": 23, "column": 16 } },
      "33": { "start": { "line": 24, "column": 4 }, "end": { "line": 24, "column": 44 } },
      "34": { "start": { "line": 26, "column": 2 }, "end": { "line": 26, "column": 30 } },
      "35": { "start": { "line": 27, "column": 2 }, "end": { "line": 27, "column": 58 } },
      "36": { "start": { "line": 27, "column": 44 }, "end": { "line": 27, "column": 58 } },
      "37": { "start": { "line": 28, "column": 2 }, "end": { "line": 28, "column": 57 } },
      "38": { "start": { "line": 28, "column": 44 }, "end": { "line": 28, "column": 57 } },
      "39": { "start": { "line": 30, "column": 2 }, "end": { "line": 30, "column": 14 } },
      "40": { "start": { "line": 35, "column": 20 }, "end": { "line": 35, "column": 43 } },
      "41": { "start": { "line": 37, "column": 2 }, "end": { "line": 37, "column": 44 } },
      "42": { "start": { "line": 37, "column": 31 }, "end": { "line": 37, "column": 44 } },
      "43": { "start": { "line": 38, "column": 2 }, "end": { "line": 38, "column": 48 } },
      "44": { "start": { "line": 38, "column": 35 }, "end": { "line": 38, "column": 48 } },
      "45": { "start": { "line": 41, "column": 19 }, "end": { "line": 41, "column": 55 } },
      "46": { "start": { "line": 42, "column": 12 }, "end": { "line": 42, "column": 13 } },
      "47": { "start": { "line": 43, "column": 2 }, "end": { "line": 45, "column": 3 } },
      "48": { "start": { "line": 43, "column": 15 }, "end": { "line": 43, "column": 16 } },
      "49": { "start": { "line": 44, "column": 4 }, "end": { "line": 44, "column": 48 } },
      "50": { "start": { "line": 46, "column": 18 }, "end": { "line": 46, "column": 26 } },
      "51": { "start": { "line": 47, "column": 17 }, "end": { "line": 47, "column": 51 } },
      "52": { "start": { "line": 48, "column": 2 }, "end": { "line": 48, "column": 55 } },
      "53": { "start": { "line": 48, "column": 42 }, "end": { "line": 48, "column": 55 } },
      "54": { "start": { "line": 51, "column": 19 }, "end": { "line": 51, "column": 58 } },
      "55": { "start": { "line": 52, "column": 2 }, "end": { "line": 52, "column": 10 } },
      "56": { "start": { "line": 53, "column": 2 }, "end": { "line": 55, "column": 3 } },
      "57": { "start": { "line": 53, "column": 15 }, "end": { "line": 53, "column": 16 } },
      "58": { "start": { "line": 54, "column": 4 }, "end": { "line": 54, "column": 48 } },
      "59": { "start": { "line": 56, "column": 2 }, "end": { "line": 56, "column": 23 } },
      "60": { "start": { "line": 57, "column": 17 }, "end": { "line": 57, "column": 51 } },
      "61": { "start": { "line": 58, "column": 2 }, "end": { "line": 58, "column": 55 } },
      "62": { "start": { "line": 58, "column": 42 }, "end": { "line": 58, "column": 55 } },
      "63": { "start": { "line": 60, "column": 2 }, "end": { "line": 60, "column": 14 } },
      "64": { "start": { "line": 65, "column": 16 }, "end": { "line": 65, "column": 40 } },
      "65": { "start": { "line": 66, "column": 2 }, "end": { "line": 66, "column": 53 } },
      "66": { "start": { "line": 66, "column": 27 }, "end": { "line": 66, "column": 53 } },
      "67": { "start": { "line": 67, "column": 2 }, "end": { "line": 67, "column": 54 } },
      "68": { "start": { "line": 67, "column": 27 }, "end": { "line": 67, "column": 54 } },
      "69": { "start": { "line": 68, "column": 2 }, "end": { "line": 68, "column": 15 } },
      "70": { "start": { "line": 73, "column": 21 }, "end": { "line": 73, "column": 49 } },
      "71": { "start": { "line": 74, "column": 2 }, "end": { "line": 74, "column": 32 } },
      "72": { "start": { "line": 79, "column": 21 }, "end": { "line": 79, "column": 45 } },
      "73": { "start": { "line": 80, "column": 2 }, "end": { "line": 80, "column": 60 } },
      "74": { "start": { "line": 85, "column": 2 }, "end": { "line": 85, "column": 70 } },
      "75": { "start": { "line": 85, "column": 33 }, "end": { "line": 85, "column": 70 } },
      "76": { "start": { "line": 86, "column": 19 }, "end": { "line": 86, "column": 73 } },
      "77": { "start": { "line": 87, "column": 2 }, "end": { "line": 87, "column": 43 } },
      "78": { "start": { "line": 92, "column": 12 }, "end": { "line": 92, "column": 60 } },
      "79": { "start": { "line": 93, "column": 2 }, "end": { "line": 93, "column": 50 } },
      "80": { "start": { "line": 98, "column": 2 }, "end": { "line": 98, "column": 40 } },
      "81": { "start": { "line": 98, "column": 27 }, "end": { "line": 98, "column": 40 } },
      "82": { "start": { "line": 99, "column": 12 }, "end": { "line": 99, "column": 60 } },
      "83": { "start": { "line": 100, "column": 2 }, "end": { "line": 100, "column": 24 } },
      "84": { "start": { "line": 105, "column": 2 }, "end": { "line": 105, "column": 40 } },
      "85": { "start": { "line": 105, "column": 27 }, "end": { "line": 105, "column": 40 } },
      "86": { "start": { "line": 106, "column": 12 }, "end": { "line": 106, "column": 60 } },
      "87": { "start": { "line": 107, "column": 2 }, "end": { "line": 107, "column": 24 } },
      "88": { "start": { "line": 112, "column": 2 }, "end": { "line": 112, "column": 65 } },
      "89": { "start": { "line": 117, "column": 2 }, "end": { "line": 117, "column": 79 } },
      "90": { "start": { "line": 122, "column": 19 }, "end": { "line": 122, "column": 41 } },
      "91": { "start": { "line": 123, "column": 2 }, "end": { "line": 123, "column": 32 } },
      "92": { "start": { "line": 128, "column": 2 }, "end": { "line": 128, "column": 58 } },
      "93": { "start": { "line": 128, "column": 45 }, "end": { "line": 128, "column": 58 } },
      "94": { "start": { "line": 129, "column": 2 }, "end": { "line": 129, "column": 64 } },
      "95": { "start": { "line": 129, "column": 33 }, "end": { "line": 129, "column": 64 } },
      "96": { "start": { "line": 130, "column": 2 }, "end": { "line": 130, "column": 52 } },
      "97": { "start": { "line": 130, "column": 28 }, "end": { "line": 130, "column": 52 } },
      "98": { "start": { "line": 131, "column": 2 }, "end": { "line": 131, "column": 14 } },
      "99": { "start": { "line": 136, "column": 2 }, "end": { "line": 136, "column": 58 } },
      "100": { "start": { "line": 141, "column": 2 }, "end": { "line": 141, "column": 58 } },
      "101": { "start": { "line": 146, "column": 2 }, "end": { "line": 146, "column": 67 } }
    },
    "fnMap": {
      "0": {
        "name": "validateCPF",
        "decl": { "start": { "line": 6, "column": 16 }, "end": { "line": 6, "column": 27 } },
        "loc": { "start": { "line": 6, "column": 39 }, "end": { "line": 31, "column": 1 } }
      },
      "1": {
        "name": "validateCNPJ",
        "decl": { "start": { "line": 34, "column": 16 }, "end": { "line": 34, "column": 28 } },
        "loc": { "start": { "line": 34, "column": 41 }, "end": { "line": 61, "column": 1 } }
      },
      "2": {
        "name": "validateCPFCNPJ",
        "decl": { "start": { "line": 64, "column": 16 }, "end": { "line": 64, "column": 31 } },
        "loc": { "start": { "line": 64, "column": 45 }, "end": { "line": 69, "column": 1 } }
      },
      "3": {
        "name": "validateEmail",
        "decl": { "start": { "line": 72, "column": 16 }, "end": { "line": 72, "column": 29 } },
        "loc": { "start": { "line": 72, "column": 43 }, "end": { "line": 75, "column": 1 } }
      },
      "4": {
        "name": "validatePhone",
        "decl": { "start": { "line": 78, "column": 16 }, "end": { "line": 78, "column": 29 } },
        "loc": { "start": { "line": 78, "column": 43 }, "end": { "line": 81, "column": 1 } }
      },
      "5": {
        "name": "validateCurrency",
        "decl": { "start": { "line": 84, "column": 16 }, "end": { "line": 84, "column": 32 } },
        "loc": { "start": { "line": 84, "column": 55 }, "end": { "line": 88, "column": 1 } }
      },
      "6": {
        "name": "validateDate",
        "decl": { "start": { "line": 91, "column": 16 }, "end": { "line": 91, "column": 28 } },
        "loc": { "start": { "line": 91, "column": 48 }, "end": { "line": 94, "column": 1 } }
      },
      "7": {
        "name": "isFutureDate",
        "decl": { "start": { "line": 97, "column": 16 }, "end": { "line": 97, "column": 28 } },
        "loc": { "start": { "line": 97, "column": 48 }, "end": { "line": 101, "column": 1 } }
      },
      "8": {
        "name": "isPastDate",
        "decl": { "start": { "line": 104, "column": 16 }, "end": { "line": 104, "column": 26 } },
        "loc": { "start": { "line": 104, "column": 46 }, "end": { "line": 108, "column": 1 } }
      },
      "9": {
        "name": "validateArea",
        "decl": { "start": { "line": 111, "column": 16 }, "end": { "line": 111, "column": 28 } },
        "loc": { "start": { "line": 111, "column": 41 }, "end": { "line": 113, "column": 1 } }
      },
      "10": {
        "name": "validateStockQuantity",
        "decl": { "start": { "line": 116, "column": 16 }, "end": { "line": 116, "column": 37 } },
        "loc": { "start": { "line": 116, "column": 76 }, "end": { "line": 118, "column": 1 } }
      },
      "11": {
        "name": "validateNFeAccessKey",
        "decl": { "start": { "line": 121, "column": 16 }, "end": { "line": 121, "column": 36 } },
        "loc": { "start": { "line": 121, "column": 48 }, "end": { "line": 124, "column": 1 } }
      },
      "12": {
        "name": "validateRequired",
        "decl": { "start": { "line": 127, "column": 16 }, "end": { "line": 127, "column": 32 } },
        "loc": { "start": { "line": 127, "column": 47 }, "end": { "line": 132, "column": 1 } }
      },
      "13": {
        "name": "validateMinLength",
        "decl": { "start": { "line": 135, "column": 16 }, "end": { "line": 135, "column": 33 } },
        "loc": { "start": { "line": 135, "column": 60 }, "end": { "line": 137, "column": 1 } }
      },
      "14": {
        "name": "validateMaxLength",
        "decl": { "start": { "line": 140, "column": 16 }, "end": { "line": 140, "column": 33 } },
        "loc": { "start": { "line": 140, "column": 60 }, "end": { "line": 142, "column": 1 } }
      },
      "15": {
        "name": "validateRange",
        "decl": { "start": { "line": 145, "column": 16 }, "end": { "line": 145, "column": 29 } },
        "loc": { "start": { "line": 145, "column": 69 }, "end": { "line": 147, "column": 1 } }
      }
    },
    "branchMap": {
      "0": {
        "loc": { "start": { "line": 9, "column": 2 }, "end": { "line": 9, "column": 43 } },
        "type": "if",
        "locations": [
          { "start": { "line": 9, "column": 2 }, "end": { "line": 9, "column": 43 } },
          { "start": {}, "end": {} }
        ]
      },
      "1": {
        "loc": { "start": { "line": 10, "column": 2 }, "end": { "line": 10, "column": 47 } },
        "type": "if",
        "locations": [
          { "start": { "line": 10, "column": 2 }, "end": { "line": 10, "column": 47 } },
          { "start": {}, "end": {} }
        ]
      },
      "2": {
        "loc": { "start": { "line": 18, "column": 2 }, "end": { "line": 18, "column": 58 } },
        "type": "if",
        "locations": [
          { "start": { "line": 18, "column": 2 }, "end": { "line": 18, "column": 58 } },
          { "start": {}, "end": {} }
        ]
      },
      "3": {
        "loc": { "start": { "line": 18, "column": 6 }, "end": { "line": 18, "column": 42 } },
        "type": "binary-expr",
        "locations": [
          { "start": { "line": 18, "column": 6 }, "end": { "line": 18, "column": 22 } },
          { "start": { "line": 18, "column": 26 }, "end": { "line": 18, "column": 42 } }
        ]
      },
      "4": {
        "loc": { "start": { "line": 19, "column": 2 }, "end": { "line": 19, "column": 56 } },
        "type": "if",
        "locations": [
          { "start": { "line": 19, "column": 2 }, "end": { "line": 19, "column": 56 } },
          { "start": {}, "end": {} }
        ]
      },
      "5": {
        "loc": { "start": { "line": 27, "column": 2 }, "end": { "line": 27, "column": 58 } },
        "type": "if",
        "locations": [
          { "start": { "line": 27, "column": 2 }, "end": { "line": 27, "column": 58 } },
          { "start": {}, "end": {} }
        ]
      },
      "6": {
        "loc": { "start": { "line": 27, "column": 6 }, "end": { "line": 27, "column": 42 } },
        "type": "binary-expr",
        "locations": [
          { "start": { "line": 27, "column": 6 }, "end": { "line": 27, "column": 22 } },
          { "start": { "line": 27, "column": 26 }, "end": { "line": 27, "column": 42 } }
        ]
      },
      "7": {
        "loc": { "start": { "line": 28, "column": 2 }, "end": { "line": 28, "column": 57 } },
        "type": "if",
        "locations": [
          { "start": { "line": 28, "column": 2 }, "end": { "line": 28, "column": 57 } },
          { "start": {}, "end": {} }
        ]
      },
      "8": {
        "loc": { "start": { "line": 37, "column": 2 }, "end": { "line": 37, "column": 44 } },
        "type": "if",
        "locations": [
          { "start": { "line": 37, "column": 2 }, "end": { "line": 37, "column": 44 } },
          { "start": {}, "end": {} }
        ]
      },
      "9": {
        "loc": { "start": { "line": 38, "column": 2 }, "end": { "line": 38, "column": 48 } },
        "type": "if",
        "locations": [
          { "start": { "line": 38, "column": 2 }, "end": { "line": 38, "column": 48 } },
          { "start": {}, "end": {} }
        ]
      },
      "10": {
        "loc": { "start": { "line": 47, "column": 17 }, "end": { "line": 47, "column": 51 } },
        "type": "cond-expr",
        "locations": [
          { "start": { "line": 47, "column": 33 }, "end": { "line": 47, "column": 34 } },
          { "start": { "line": 47, "column": 37 }, "end": { "line": 47, "column": 51 } }
        ]
      },
      "11": {
        "loc": { "start": { "line": 48, "column": 2 }, "end": { "line": 48, "column": 55 } },
        "type": "if",
        "locations": [
          { "start": { "line": 48, "column": 2 }, "end": { "line": 48, "column": 55 } },
          { "start": {}, "end": {} }
        ]
      },
      "12": {
        "loc": { "start": { "line": 57, "column": 17 }, "end": { "line": 57, "column": 51 } },
        "type": "cond-expr",
        "locations": [
          { "start": { "line": 57, "column": 33 }, "end": { "line": 57, "column": 34 } },
          { "start": { "line": 57, "column": 37 }, "end": { "line": 57, "column": 51 } }
        ]
      },
      "13": {
        "loc": { "start": { "line": 58, "column": 2 }, "end": { "line": 58, "column": 55 } },
        "type": "if",
        "locations": [
          { "start": { "line": 58, "column": 2 }, "end": { "line": 58, "column": 55 } },
          { "start": {}, "end": {} }
        ]
      },
      "14": {
        "loc": { "start": { "line": 66, "column": 2 }, "end": { "line": 66, "column": 53 } },
        "type": "if",
        "locations": [
          { "start": { "line": 66, "column": 2 }, "end": { "line": 66, "column": 53 } },
          { "start": {}, "end": {} }
        ]
      },
      "15": {
        "loc": { "start": { "line": 67, "column": 2 }, "end": { "line": 67, "column": 54 } },
        "type": "if",
        "locations": [
          { "start": { "line": 67, "column": 2 }, "end": { "line": 67, "column": 54 } },
          { "start": {}, "end": {} }
        ]
      },
      "16": {
        "loc": { "start": { "line": 80, "column": 9 }, "end": { "line": 80, "column": 59 } },
        "type": "binary-expr",
        "locations": [
          { "start": { "line": 80, "column": 9 }, "end": { "line": 80, "column": 32 } },
          { "start": { "line": 80, "column": 36 }, "end": { "line": 80, "column": 59 } }
        ]
      },
      "17": {
        "loc": { "start": { "line": 85, "column": 2 }, "end": { "line": 85, "column": 70 } },
        "type": "if",
        "locations": [
          { "start": { "line": 85, "column": 2 }, "end": { "line": 85, "column": 70 } },
          { "start": {}, "end": {} }
        ]
      },
      "18": {
        "loc": { "start": { "line": 85, "column": 40 }, "end": { "line": 85, "column": 69 } },
        "type": "binary-expr",
        "locations": [
          { "start": { "line": 85, "column": 40 }, "end": { "line": 85, "column": 50 } },
          { "start": { "line": 85, "column": 54 }, "end": { "line": 85, "column": 69 } }
        ]
      },
      "19": {
        "loc": { "start": { "line": 87, "column": 9 }, "end": { "line": 87, "column": 42 } },
        "type": "binary-expr",
        "locations": [
          { "start": { "line": 87, "column": 9 }, "end": { "line": 87, "column": 25 } },
          { "start": { "line": 87, "column": 29 }, "end": { "line": 87, "column": 42 } }
        ]
      },
      "20": {
        "loc": { "start": { "line": 92, "column": 12 }, "end": { "line": 92, "column": 60 } },
        "type": "cond-expr",
        "locations": [
          { "start": { "line": 92, "column": 39 }, "end": { "line": 92, "column": 53 } },
          { "start": { "line": 92, "column": 56 }, "end": { "line": 92, "column": 60 } }
        ]
      },
      "21": {
        "loc": { "start": { "line": 93, "column": 9 }, "end": { "line": 93, "column": 49 } },
        "type": "binary-expr",
        "locations": [
          { "start": { "line": 93, "column": 9 }, "end": { "line": 93, "column": 26 } },
          { "start": { "line": 93, "column": 30 }, "end": { "line": 93, "column": 49 } }
        ]
      },
      "22": {
        "loc": { "start": { "line": 98, "column": 2 }, "end": { "line": 98, "column": 40 } },
        "type": "if",
        "locations": [
          { "start": { "line": 98, "column": 2 }, "end": { "line": 98, "column": 40 } },
          { "start": {}, "end": {} }
        ]
      },
      "23": {
        "loc": { "start": { "line": 99, "column": 12 }, "end": { "line": 99, "column": 60 } },
        "type": "cond-expr",
        "locations": [
          { "start": { "line": 99, "column": 39 }, "end": { "line": 99, "column": 53 } },
          { "start": { "line": 99, "column": 56 }, "end": { "line": 99, "column": 60 } }
        ]
      },
      "24": {
        "loc": { "start": { "line": 105, "column": 2 }, "end": { "line": 105, "column": 40 } },
        "type": "if",
        "locations": [
          { "start": { "line": 105, "column": 2 }, "end": { "line": 105, "column": 40 } },
          { "start": {}, "end": {} }
        ]
      },
      "25": {
        "loc": { "start": { "line": 106, "column": 12 }, "end": { "line": 106, "column": 60 } },
        "type": "cond-expr",
        "locations": [
          { "start": { "line": 106, "column": 39 }, "end": { "line": 106, "column": 53 } },
          { "start": { "line": 106, "column": 56 }, "end": { "line": 106, "column": 60 } }
        ]
      },
      "26": {
        "loc": { "start": { "line": 112, "column": 9 }, "end": { "line": 112, "column": 64 } },
        "type": "binary-expr",
        "locations": [
          { "start": { "line": 112, "column": 9 }, "end": { "line": 112, "column": 33 } },
          { "start": { "line": 112, "column": 37 }, "end": { "line": 112, "column": 45 } },
          { "start": { "line": 112, "column": 49 }, "end": { "line": 112, "column": 64 } }
        ]
      },
      "27": {
        "loc": { "start": { "line": 116, "column": 56 }, "end": { "line": 116, "column": 76 } },
        "type": "default-arg",
        "locations": [
          { "start": { "line": 116, "column": 75 }, "end": { "line": 116, "column": 76 } }
        ]
      },
      "28": {
        "loc": { "start": { "line": 117, "column": 9 }, "end": { "line": 117, "column": 78 } },
        "type": "binary-expr",
        "locations": [
          { "start": { "line": 117, "column": 9 }, "end": { "line": 117, "column": 37 } },
          { "start": { "line": 117, "column": 41 }, "end": { "line": 117, "column": 54 } },
          { "start": { "line": 117, "column": 58 }, "end": { "line": 117, "column": 78 } }
        ]
      },
      "29": {
        "loc": { "start": { "line": 128, "column": 2 }, "end": { "line": 128, "column": 58 } },
        "type": "if",
        "locations": [
          { "start": { "line": 128, "column": 2 }, "end": { "line": 128, "column": 58 } },
          { "start": {}, "end": {} }
        ]
      },
      "30": {
        "loc": { "start": { "line": 128, "column": 6 }, "end": { "line": 128, "column": 43 } },
        "type": "binary-expr",
        "locations": [
          { "start": { "line": 128, "column": 6 }, "end": { "line": 128, "column": 20 } },
          { "start": { "line": 128, "column": 24 }, "end": { "line": 128, "column": 43 } }
        ]
      },
      "31": {
        "loc": { "start": { "line": 129, "column": 2 }, "end": { "line": 129, "column": 64 } },
        "type": "if",
        "locations": [
          { "start": { "line": 129, "column": 2 }, "end": { "line": 129, "column": 64 } },
          { "start": {}, "end": {} }
        ]
      },
      "32": {
        "loc": { "start": { "line": 130, "column": 2 }, "end": { "line": 130, "column": 52 } },
        "type": "if",
        "locations": [
          { "start": { "line": 130, "column": 2 }, "end": { "line": 130, "column": 52 } },
          { "start": {}, "end": {} }
        ]
      },
      "33": {
        "loc": { "start": { "line": 136, "column": 9 }, "end": { "line": 136, "column": 57 } },
        "type": "binary-expr",
        "locations": [
          { "start": { "line": 136, "column": 9 }, "end": { "line": 136, "column": 34 } },
          { "start": { "line": 136, "column": 38 }, "end": { "line": 136, "column": 57 } }
        ]
      },
      "34": {
        "loc": { "start": { "line": 141, "column": 9 }, "end": { "line": 141, "column": 57 } },
        "type": "binary-expr",
        "locations": [
          { "start": { "line": 141, "column": 9 }, "end": { "line": 141, "column": 34 } },
          { "start": { "line": 141, "column": 38 }, "end": { "line": 141, "column": 57 } }
        ]
      },
      "35": {
        "loc": { "start": { "line": 146, "column": 9 }, "end": { "line": 146, "column": 66 } },
        "type": "binary-expr",
        "locations": [
          { "start": { "line": 146, "column": 9 }, "end": { "line": 146, "column": 34 } },
          { "start": { "line": 146, "column": 38 }, "end": { "line": 146, "column": 50 } },
          { "start": { "line": 146, "column": 54 }, "end": { "line": 146, "column": 66 } }
        ]
      }
    },
    "s": {
      "0": 1,
      "1": 1,
      "2": 1,
      "3": 1,
      "4": 1,
      "5": 1,
      "6": 1,
      "7": 1,
      "8": 1,
      "9": 1,
      "10": 1,
      "11": 1,
      "12": 1,
      "13": 1,
      "14": 1,
      "15": 1,
      "16": 9,
      "17": 9,
      "18": 4,
      "19": 5,
      "20": 1,
      "21": 4,
      "22": 4,
      "23": 4,
      "24": 36,
      "25": 4,
      "26": 4,
      "27": 1,
      "28": 4,
      "29": 0,
      "30": 4,
      "31": 4,
      "32": 4,
      "33": 40,
      "34": 4,
      "35": 4,
      "36": 0,
      "37": 4,
      "38": 1,
      "39": 3,
      "40": 7,
      "41": 7,
      "42": 2,
      "43": 5,
      "44": 1,
      "45": 4,
      "46": 4,
      "47": 4,
      "48": 4,
      "49": 48,
      "50": 4,
      "51": 4,
      "52": 4,
      "53": 1,
      "54": 3,
      "55": 3,
      "56": 3,
      "57": 3,
      "58": 39,
      "59": 3,
      "60": 3,
      "61": 3,
      "62": 0,
      "63": 3,
      "64": 3,
      "65": 3,
      "66": 1,
      "67": 2,
      "68": 1,
      "69": 1,
      "70": 7,
      "71": 7,
      "72": 6,
      "73": 6,
      "74": 6,
      "75": 5,
      "76": 1,
      "77": 1,
      "78": 9,
      "79": 9,
      "80": 2,
      "81": 0,
      "82": 2,
      "83": 2,
      "84": 2,
      "85": 0,
      "86": 2,
      "87": 2,
      "88": 6,
      "89": 3,
      "90": 3,
      "91": 3,
      "92": 9,
      "93": 2,
      "94": 7,
      "95": 3,
      "96": 4,
      "97": 2,
      "98": 2,
      "99": 3,
      "100": 3,
      "101": 5
    },
    "f": {
      "0": 9,
      "1": 7,
      "2": 3,
      "3": 7,
      "4": 6,
      "5": 6,
      "6": 9,
      "7": 2,
      "8": 2,
      "9": 6,
      "10": 3,
      "11": 3,
      "12": 9,
      "13": 3,
      "14": 3,
      "15": 5
    },
    "b": {
      "0": [4, 5],
      "1": [1, 4],
      "2": [1, 3],
      "3": [4, 3],
      "4": [0, 4],
      "5": [0, 4],
      "6": [4, 4],
      "7": [1, 3],
      "8": [2, 5],
      "9": [1, 4],
      "10": [0, 4],
      "11": [1, 3],
      "12": [0, 3],
      "13": [0, 3],
      "14": [1, 2],
      "15": [1, 1],
      "16": [6, 4],
      "17": [5, 1],
      "18": [5, 4],
      "19": [1, 1],
      "20": [2, 7],
      "21": [9, 9],
      "22": [0, 2],
      "23": [0, 2],
      "24": [0, 2],
      "25": [0, 2],
      "26": [6, 6, 4],
      "27": [1],
      "28": [3, 3, 3],
      "29": [2, 7],
      "30": [9, 8],
      "31": [3, 4],
      "32": [2, 2],
      "33": [3, 3],
      "34": [3, 3],
      "35": [5, 5, 4]
    }
  }
}
